app/build/outputs/mapping/release/seeds.txt
com.example.binusapp.ui.login.view.LoginActivity
com.example.binusapp.BaseApplication
com.example.binusapp.ui.main.view.MainActivity
com.example.binusapp.DataBinderMapperImpl
com.example.binusapp.ui.launch.view.LaunchActivity
com.example.binusapp.BaseApplication: BaseApplication()
com.example.binusapp.ui.main.view.MainActivity: MainActivity()
com.example.binusapp.core.BaseActivity: BaseActivity()
com.example.binusapp.ui.launch.view.LaunchActivity: LaunchActivity()
com.example.binusapp.DataBinderMapperImpl: DataBinderMapperImpl()
com.example.binusapp.ui.login.view.LoginActivity: LoginActivity()
...
androidx.constraintlayout.motion.widget.MotionLayout$TransitionState: androidx.constraintlayout.motion.widget.MotionLayout$TransitionState[] values()
com.google.android.material.textfield.TextInputLayout: int getHintCurrentCollapsedTextColor()
com.google.android.material.search.SearchBar: void setTitle(java.lang.CharSequence)
com.google.android.material.snackbar.BaseTransientBottomBar$SnackbarBaseLayout: float getBackgroundOverlayColorAlpha()
kotlinx.coroutines.ExecutorCoroutineDispatcher: ExecutorCoroutineDispatcher()
androidx.core.widget.NestedScrollView: float getVerticalScrollFactorCompat()
com.google.android.gms.internal.firebase-auth-api.zzkz: zzkz()
com.google.android.material.chip.Chip: void setChipIconSizeResource(int)
androidx.constraintlayout.widget.ConstraintHelper: void setReferenceTags(java.lang.String)
androidx.appcompat.widget.SearchView: void setSubmitButtonEnabled(boolean)
androidx.appcompat.widget.Toolbar: void setNavigationContentDescription(java.lang.CharSequence)
com.google.crypto.tink.shaded.protobuf.Writer$FieldOrder: com.google.crypto.tink.shaded.protobuf.Writer$FieldOrder valueOf(java.lang.String)
androidx.appcompat.widget.AppCompatEditText: void setSupportBackgroundTintList(android.content.res.ColorStateList)
androidx.core.view.ViewCompat$Api21Impl$1: ViewCompat$Api21Impl$1(android.view.View,androidx.core.view.OnApplyWindowInsetsListener)
androidx.appcompat.widget.LinearLayoutCompat: void setMeasureWithLargestChildEnabled(boolean)
com.google.android.material.bottomappbar.BottomAppBar: void setElevation(float)
androidx.appcompat.widget.AppCompatImageView: void setSupportImageTintList(android.content.res.ColorStateList)
androidx.recyclerview.widget.RecyclerView: androidx.recyclerview.widget.RecyclerView$LayoutManager getLayoutManager()
com.google.android.material.checkbox.MaterialCheckBox: void setButtonIconTintMode(android.graphics.PorterDuff$Mode)
androidx.appcompat.widget.AppCompatCheckBox: void setSupportButtonTintList(android.content.res.ColorStateList)
com.google.android.gms.common.internal.zzk: zzk()
kotlin.coroutines.intrinsics.CoroutineSingletons: kotlin.coroutines.intrinsics.CoroutineSingletons valueOf(java.lang.String)
androidx.activity.result.contract.ActivityResultContract: ActivityResultContract()
androidx.core.view.accessibility.AccessibilityViewCommand$MoveWindowArguments: AccessibilityViewCommand$MoveWindowArguments()
androidx.appcompat.widget.AppCompatCheckBox: void setSupportButtonTintMode(android.graphics.PorterDuff$Mode)
com.google.android.material.textfield.TextInputLayout: void setCounterEnabled(boolean)
androidx.core.view.ViewCompat$Api28Impl: java.lang.CharSequence getAccessibilityPaneTitle(android.view.View)
androidx.recyclerview.widget.RecyclerView: int getMinFlingVelocity()
androidx.appcompat.widget.SearchView$SearchAutoComplete: void setImeVisibility(boolean)
androidx.appcompat.widget.ActionMenuView: int getWindowAnimations()
androidx.core.content.ContextCompat$Api23Impl: java.lang.String getSystemServiceName(android.content.Context,java.lang.Class)
androidx.core.widget.CompoundButtonCompat$Api21Impl: void setButtonTintList(android.widget.CompoundButton,android.content.res.ColorStateList)
androidx.appcompat.app.AppCompatDelegateImpl$Api21Impl: java.lang.String toLanguageTag(java.util.Locale)
com.google.android.gms.internal.firebase-auth-api.zzjn: zzjn()
androidx.core.view.ViewParentCompat$Api21Impl: void onNestedPreScroll(android.view.ViewParent,android.view.View,int,int,int[])
io.github.inflationx.viewpump.ViewPump$Companion: ViewPump$Companion()
androidx.core.content.ContextCompat$Api16Impl: void startActivities(android.content.Context,android.content.Intent[],android.os.Bundle)
androidx.core.view.WindowInsetsCompat$Impl29: androidx.core.graphics.Insets getTappableElementInsets()
io.github.inflationx.calligraphy3.CalligraphyUtils: java.lang.String pullFontPathFromTextAppearance(android.content.Context,android.util.AttributeSet,int[])