app/build/outputs/mapping/release/usage.txt
com.example.binusapp.BR
com.example.binusapp.BaseApplication$Companion:
    public final com.example.binusapp.BaseApplication getInstance()
com.example.binusapp.BuildConfig
com.example.binusapp.DataBinderMapperImpl$InnerBrLookup
com.example.binusapp.DataBinderMapperImpl$InnerLayoutIdLookup
com.example.binusapp.DataBinderMapperImpl:
    private static final int LAYOUT_ACTIVITYLAUNCH
    private static final int LAYOUT_ACTIVITYMAIN
    public java.lang.String convertBrIdToString(int)
    public int getLayoutId(java.lang.String)
com.example.binusapp.DataBindingTriggerClass
com.example.binusapp.R$anim
com.example.binusapp.R$animator
com.example.binusapp.R$attr
com.example.binusapp.R$bool
com.example.binusapp.R$color
com.example.binusapp.R$dimen
com.example.binusapp.R$drawable
com.example.binusapp.R$font
com.example.binusapp.R$id
com.example.binusapp.R$integer
com.example.binusapp.R$interpolator
com.example.binusapp.R$layout
com.example.binusapp.R$mipmap
com.example.binusapp.R$plurals
com.example.binusapp.R$raw
com.example.binusapp.R$string
com.example.binusapp.R$style
com.example.binusapp.R$styleable
com.example.binusapp.R$xml
com.example.binusapp.R
com.example.binusapp.data.network.Constants
com.example.binusapp.data.prefs.AppPreferences:
    public final java.lang.String getEmail()
com.example.binusapp.databinding.ActivityLaunchBinding:
    public static com.example.binusapp.databinding.ActivityLaunchBinding bind(android.view.View)
    public static com.example.binusapp.databinding.ActivityLaunchBinding bind(android.view.View,java.lang.Object)
    public static com.example.binusapp.databinding.ActivityLaunchBinding inflate(android.view.LayoutInflater,android.view.ViewGroup,boolean)
    public static com.example.binusapp.databinding.ActivityLaunchBinding inflate(android.view.LayoutInflater,android.view.ViewGroup,boolean,java.lang.Object)
com.example.binusapp.databinding.ActivityLaunchBindingImpl:
    protected boolean onFieldChange(int,java.lang.Object,int)
    public boolean setVariable(int,java.lang.Object)
com.example.binusapp.databinding.ActivityLoginBinding:
    public synthetic bridge android.view.View getRoot()
com.example.binusapp.databinding.ActivityMainBinding:
    public static com.example.binusapp.databinding.ActivityMainBinding bind(android.view.View)
    public static com.example.binusapp.databinding.ActivityMainBinding bind(android.view.View,java.lang.Object)
    public static com.example.binusapp.databinding.ActivityMainBinding inflate(android.view.LayoutInflater,android.view.ViewGroup,boolean)
    public static com.example.binusapp.databinding.ActivityMainBinding inflate(android.view.LayoutInflater,android.view.ViewGroup,boolean,java.lang.Object)
com.example.binusapp.databinding.ActivityMainBindingImpl:
    protected boolean onFieldChange(int,java.lang.Object,int)
    public boolean setVariable(int,java.lang.Object)
com.example.binusapp.databinding.ProgressDialogBinding
com.example.binusapp.BaseApplication$Companion
com.example.binusapp.BaseApplication:
    public static final com.example.binusapp.BaseApplication$Companion Companion
    public static com.example.binusapp.BaseApplication instance
    public static void <clinit>()
com.example.binusapp.DataBinderMapperImpl:
    public final androidx.databinding.ViewDataBinding getDataBinder(androidx.databinding.DataBindingComponent,android.view.View[],int)
com.example.binusapp.core.BaseActivity:
    public abstract void changeStatusBarWhite()
    public abstract void overridePendingTransitionEnter()
    public abstract void overridePendingTransitionExit()
com.example.binusapp.data.prefs.AppPreferences:
    public final java.lang.String mainKeyAlias
    public static java.lang.String getUserName()
    public static boolean isLogin()
    public final void setEmail(java.lang.String)
    public final void setLogin(boolean)
    public final void setUserName(java.lang.String)
...
androidx.constraintlayout.widget.ConstraintLayout$LayoutParams$Table:
    public static final int ANDROID_ORIENTATION
    public static final int GUIDELINE_USE_RTL
    public static final int LAYOUT_CONSTRAINED_HEIGHT
    public static final int LAYOUT_CONSTRAINED_WIDTH
    public static final int LAYOUT_CONSTRAINT_BASELINE_CREATOR
    public static final int LAYOUT_CONSTRAINT_BASELINE_TO_BASELINE_OF
    public static final int LAYOUT_CONSTRAINT_BASELINE_TO_BOTTOM_OF
    public static final int LAYOUT_CONSTRAINT_BASELINE_TO_TOP_OF
    public static final int LAYOUT_CONSTRAINT_BOTTOM_CREATOR
    public static final int LAYOUT_CONSTRAINT_BOTTOM_TO_BOTTOM_OF
    public static final int LAYOUT_CONSTRAINT_BOTTOM_TO_TOP_OF
    public static final int LAYOUT_CONSTRAINT_CIRCLE
    public static final int LAYOUT_CONSTRAINT_CIRCLE_ANGLE
    public static final int LAYOUT_CONSTRAINT_CIRCLE_RADIUS
    public static final int LAYOUT_CONSTRAINT_DIMENSION_RATIO
    public static final int LAYOUT_CONSTRAINT_END_TO_END_OF
    public static final int LAYOUT_CONSTRAINT_END_TO_START_OF
    public static final int LAYOUT_CONSTRAINT_GUIDE_BEGIN
    public static final int LAYOUT_CONSTRAINT_GUIDE_END
    public static final int LAYOUT_CONSTRAINT_GUIDE_PERCENT
    public static final int LAYOUT_CONSTRAINT_HEIGHT
    public static final int LAYOUT_CONSTRAINT_HEIGHT_DEFAULT
    public static final int LAYOUT_CONSTRAINT_HEIGHT_MAX
    public static final int LAYOUT_CONSTRAINT_HEIGHT_MIN
androidx.constraintlayout.widget.ConstraintLayout$LayoutParams:
    public static final int BASELINE
    public static final int BOTTOM
    public static final int CHAIN_PACKED
    public static final int CHAIN_SPREAD
    public static final int CHAIN_SPREAD_INSIDE
    public static final int CIRCLE
    public static final int END
    public static final int GONE_UNSET
    public static final int HORIZONTAL
    public static final int LEFT
    public static final int MATCH_CONSTRAINT
    public static final int MATCH_CONSTRAINT_PERCENT
    public static final int MATCH_CONSTRAINT_SPREAD
    public static final int MATCH_CONSTRAINT_WRAP
    public static final int PARENT_ID
    public static final int RIGHT
    public static final int START
    public static final int TOP
    public static final int UNSET
    public static final int VERTICAL
    public static final int WRAP_BEHAVIOR_HORIZONTAL_ONLY
    public static final int WRAP_BEHAVIOR_INCLUDED
    public static final int WRAP_BEHAVIOR_SKIPPED
    public static final int WRAP_BEHAVIOR_VERTICAL_ONLY
    public void <init>(androidx.constraintlayout.widget.ConstraintLayout$LayoutParams)
    public androidx.constraintlayout.core.widgets.ConstraintWidget getConstraintWidget()
    public void reset()
    public void setWidgetDebugName(java.lang.String)
androidx.constraintlayout.widget.ConstraintLayout:
    private static final boolean DEBUG
    private static final boolean DEBUG_DRAW_CONSTRAINTS
    public static final int DESIGN_INFO_ID
    private static final boolean MEASURE
    private static final boolean OPTIMIZE_HEIGHT_CHANGE
    private static final java.lang.String TAG
    private static final boolean USE_CONSTRAINTS_HELPER
    public static final java.lang.String VERSION
    private androidx.constraintlayout.core.Metrics mMetrics
    public void <init>(android.content.Context)
    public void <init>(android.content.Context,android.util.AttributeSet,int,int)
    public void fillMetrics(androidx.constraintlayout.core.Metrics)
    public void loadLayoutDescription(int)
    public void setState(int,int,int)
androidx.constraintlayout.widget.ConstraintLayoutStates$Variant:
    int mId
androidx.constraintlayout.widget.ConstraintLayoutStates:
    private static final boolean DEBUG
    public static final java.lang.String TAG
    public boolean needsToChange(int,float,float)
androidx.constraintlayout.widget.ConstraintProperties